      2 .gitattributes
     51 .github/workflows/github-actions.yml
      4 .gitignore
      0 README.md
      3 assets/environments/black32x32.png
     34 assets/environments/black32x32.png.import
      2 assets/environments/hierachry-grid.aseprite
      2 assets/environments/hierachry-grid.png
     34 assets/environments/hierachry-grid.png.import
    905 assets/environments/ruins/Tileset-Terrain.png
     34 assets/environments/ruins/Tileset-Terrain.png.import
   1376 assets/environments/ruins/Tileset-Terrain2.png
     34 assets/environments/ruins/Tileset-Terrain2.png.import
     79 assets/environments/ruins/grass-dark-transp.png
     34 assets/environments/ruins/grass-dark-transp.png.import
     72 assets/environments/ruins/grass-light-transp.png
     34 assets/environments/ruins/grass-light-transp.png.import
      0 -
      0 -
      0 -
      0 -
      0 -
      0 -
      0 -
      0 -
      0 -
      0 -
      0 -
      0 -
      0 -
      0 -
      0 -
      0 -
    108 assets/environments/ruins/waterfall.png
     34 assets/environments/ruins/waterfall.png.import
     87 assets/environments/ruins/waterfall_blood.png
     34 assets/environments/ruins/waterfall_blood.png.import
     10 assets/icons/campfire.png
     34 assets/icons/campfire.png.import
      7 assets/icons/chest.png
     34 assets/icons/chest.png.import
     13 assets/icons/crystal.png
     34 assets/icons/crystal.png.import
    127 assets/ui/All.png
     34 assets/ui/All.png.import
      2 assets/ui/cursor.png
     34 assets/ui/cursor.png.import
      2 assets/units/golem/golem-shadow.png
     34 assets/units/golem/golem-shadow.png.import
   2922 assets/wizards/1.png
     34 assets/wizards/1.png.import
   2745 assets/wizards/2.png
     34 assets/wizards/2.png.import
   2809 assets/wizards/3.png
     34 assets/wizards/3.png.import
   3053 assets/wizards/4.png
     34 assets/wizards/4.png.import
   2591 assets/wizards/5.png
     34 assets/wizards/5.png.import
   7338 assets/wizards/6.png
     34 assets/wizards/6.png.import
   2875 assets/wizards/7.png
     34 assets/wizards/7.png.import
   2954 assets/wizards/8.png
     34 assets/wizards/8.png.import
   3050 assets/wizards/9.png
     34 assets/wizards/9.png.import
    106 export_presets.cfg
      0 icon.svg
     37 icon.svg.import
     42 project.godot
      8 resources/default_theme.tres
      8 resources/selected_highlight_material.tres
      6 resources/style_box_flat_black_theme.tres
   4736 resources/tilesets/ruins.tres
     13 scenes/encounters/encounter_.tscn
     21 scenes/encounters/encounter_demo.tscn
     10 scenes/levels/level_.tscn
      5 scenes/levels/level_demo.tscn
      7 scenes/main.tscn
      3 scenes/maps/map_.tscn
     26 scenes/particles/particles_crystals.tscn
    125 scenes/player_.tscn
    113 scenes/ui/ui_debug_menu.tscn
     38 scenes/ui/ui_grid_background.tscn
     26 scenes/ui/ui_level.tscn
    103 scenes/ui/ui_main_menu.tscn
    470 scenes/units/unit_.tscn
      8 scripts/center_to_rect.gd
     47 scripts/debug_ui.gd
      9 scripts/delete_self_in_seconds.gd
     10 scripts/main_menu.gd
      7 scripts/player.gd
      5 scripts/quickescape.gd
      6 scripts/resize_to_rect.gd
     21 scripts/shaders/selected_aura.gdshader
     11 scripts/show_wizard.gd
      2 scripts/static_bus.gd
      5 scripts/system_init.gd
      8 scripts/ui_grid_background.gd
     56 scripts/unit.gd
     50 scripts/wd.gd
  40119 total
